#! /usr/bin/vvp
:ivl_version "11.0 (stable)";
:ivl_delay_selection "TYPICAL";
:vpi_time_precision - 12;
:vpi_module "/usr/lib/x86_64-linux-gnu/ivl/system.vpi";
:vpi_module "/usr/lib/x86_64-linux-gnu/ivl/vhdl_sys.vpi";
:vpi_module "/usr/lib/x86_64-linux-gnu/ivl/vhdl_textio.vpi";
:vpi_module "/usr/lib/x86_64-linux-gnu/ivl/v2005_math.vpi";
:vpi_module "/usr/lib/x86_64-linux-gnu/ivl/va_math.vpi";
S_0x55d3671d1f50 .scope module, "accumulator" "accumulator" 2 1;
 .timescale 0 0;
    .port_info 0 /INPUT 1 "clk";
    .port_info 1 /INPUT 1 "rst";
    .port_info 2 /OUTPUT 8 "count";
o0x7f8d7805a018 .functor BUFZ 1, C4<z>; HiZ drive
v0x55d3671d47f0_0 .net "clk", 0 0, o0x7f8d7805a018;  0 drivers
v0x55d3672044b0_0 .var "count", 7 0;
o0x7f8d7805a078 .functor BUFZ 1, C4<z>; HiZ drive
v0x55d3671f89a0_0 .net "rst", 0 0, o0x7f8d7805a078;  0 drivers
E_0x55d3671d0400 .event posedge, v0x55d3671d47f0_0;
S_0x55d3671d20e0 .scope module, "subtractor" "subtractor" 3 1;
 .timescale 0 0;
    .port_info 0 /INPUT 15 "V";
    .port_info 1 /OUTPUT 15 "V_prime";
o0x7f8d7805a138 .functor BUFZ 15, C4<zzzzzzzzzzzzzzz>; HiZ drive
v0x55d367223b80_0 .net "V", 14 0, o0x7f8d7805a138;  0 drivers
v0x55d367223c80_0 .var "V_prime", 14 0;
E_0x55d3671ced90 .event edge, v0x55d367223b80_0;
S_0x55d3671d2270 .scope module, "top_test" "top_test" 4 3;
 .timescale -9 -12;
v0x55d367227a60_0 .net "V", 14 0, v0x55d3672255d0_0;  1 drivers
v0x55d367227bd0_0 .net "axon", 0 0, v0x55d367224790_0;  1 drivers
v0x55d367227c90_0 .var "clk", 0 0;
v0x55d367227d30_0 .var "expd", 0 0;
v0x55d367227dd0_0 .var "rst", 0 0;
v0x55d367227e70_0 .var "set_vars", 0 0;
v0x55d367227f60_0 .var "syn", 3 0;
v0x55d367228000_0 .var "t", 0 0;
v0x55d3672280f0_0 .var "w", 0 0;
S_0x55d367223dc0 .scope module, "uut" "top" 4 19, 5 1 0, S_0x55d3671d2270;
 .timescale -9 -12;
    .port_info 0 /INPUT 1 "set_vars";
    .port_info 1 /INPUT 4 "syn";
    .port_info 2 /INPUT 1 "expd";
    .port_info 3 /INPUT 1 "w";
    .port_info 4 /INPUT 1 "t";
    .port_info 5 /INPUT 1 "clk";
    .port_info 6 /INPUT 1 "rst";
    .port_info 7 /OUTPUT 1 "axon";
    .port_info 8 /OUTPUT 15 "V";
v0x55d367226fd0_0 .net "V", 14 0, v0x55d3672255d0_0;  alias, 1 drivers
v0x55d3672270b0_0 .net "axon", 0 0, v0x55d367224790_0;  alias, 1 drivers
v0x55d367227170_0 .net "clk", 0 0, v0x55d367227c90_0;  1 drivers
v0x55d367227260_0 .net "expd", 0 0, v0x55d367227d30_0;  1 drivers
v0x55d367227300_0 .net "rst", 0 0, v0x55d367227dd0_0;  1 drivers
v0x55d367227440_0 .net "set_vars", 0 0, v0x55d367227e70_0;  1 drivers
v0x55d3672274e0_0 .net "syn", 3 0, v0x55d367227f60_0;  1 drivers
v0x55d3672275d0_0 .net "t", 0 0, v0x55d367228000_0;  1 drivers
v0x55d367227670_0 .net "tau", 14 0, v0x55d3672267b0_0;  1 drivers
v0x55d3672277a0_0 .net "threshold", 14 0, v0x55d367226980_0;  1 drivers
v0x55d367227840_0 .net "w", 0 0, v0x55d3672280f0_0;  1 drivers
v0x55d3672278e0_0 .net "weight", 10 0, v0x55d367226c70_0;  1 drivers
S_0x55d367224080 .scope module, "lif" "LIF" 5 7, 6 1 0, S_0x55d367223dc0;
 .timescale 0 0;
    .port_info 0 /INPUT 4 "syn";
    .port_info 1 /INPUT 15 "tau";
    .port_info 2 /INPUT 11 "weight";
    .port_info 3 /INPUT 15 "threshold";
    .port_info 4 /INPUT 1 "clk";
    .port_info 5 /INPUT 1 "rst";
    .port_info 6 /OUTPUT 1 "axon";
    .port_info 7 /OUTPUT 15 "V";
v0x55d3672255d0_0 .var "V", 14 0;
v0x55d3672256e0_0 .net "axon", 0 0, v0x55d367224790_0;  alias, 1 drivers
v0x55d3672257a0_0 .net "clk", 0 0, v0x55d367227c90_0;  alias, 1 drivers
v0x55d367225870_0 .net "rst", 0 0, v0x55d367227dd0_0;  alias, 1 drivers
v0x55d367225910_0 .net "syn", 3 0, v0x55d367227f60_0;  alias, 1 drivers
v0x55d367225a00_0 .net "syn_scaled", 14 0, v0x55d367225280_0;  1 drivers
v0x55d367225ad0_0 .net "tau", 14 0, v0x55d3672267b0_0;  alias, 1 drivers
v0x55d367225ba0_0 .net "threshold", 14 0, v0x55d367226980_0;  alias, 1 drivers
v0x55d367225c70_0 .net "voltage_prime", 14 0, v0x55d367224ce0_0;  1 drivers
v0x55d367225d40_0 .net "weight", 10 0, v0x55d367226c70_0;  alias, 1 drivers
E_0x55d3671b9a30 .event posedge, v0x55d3672257a0_0;
S_0x55d3672243e0 .scope module, "compare" "comparator" 6 16, 7 1 0, S_0x55d367224080;
 .timescale 0 0;
    .port_info 0 /INPUT 15 "V";
    .port_info 1 /INPUT 15 "threshold";
    .port_info 2 /OUTPUT 1 "axon";
v0x55d367224690_0 .net "V", 14 0, v0x55d3672255d0_0;  alias, 1 drivers
v0x55d367224790_0 .var "axon", 0 0;
v0x55d367224850_0 .net "threshold", 14 0, v0x55d367226980_0;  alias, 1 drivers
E_0x55d3672084d0 .event edge, v0x55d367224690_0, v0x55d367224850_0;
S_0x55d367224990 .scope module, "decayer" "decay" 6 17, 8 1 0, S_0x55d367224080;
 .timescale 0 0;
    .port_info 0 /INPUT 15 "V";
    .port_info 1 /INPUT 15 "tau";
    .port_info 2 /OUTPUT 15 "V_prime";
v0x55d367224c00_0 .net "V", 14 0, v0x55d3672255d0_0;  alias, 1 drivers
v0x55d367224ce0_0 .var "V_prime", 14 0;
v0x55d367224da0_0 .var "mult", 29 0;
v0x55d367224e60_0 .net "tau", 14 0, v0x55d3672267b0_0;  alias, 1 drivers
E_0x55d367208510 .event edge, v0x55d367224690_0;
S_0x55d367224fc0 .scope module, "scalar" "weigher" 6 15, 9 1 0, S_0x55d367224080;
 .timescale -9 -12;
    .port_info 0 /INPUT 4 "syn";
    .port_info 1 /INPUT 11 "weight";
    .port_info 2 /OUTPUT 15 "V";
v0x55d367225280_0 .var "V", 14 0;
v0x55d367225380_0 .net "syn", 3 0, v0x55d367227f60_0;  alias, 1 drivers
v0x55d367225460_0 .net "weight", 10 0, v0x55d367226c70_0;  alias, 1 drivers
E_0x55d367225220 .event edge, v0x55d367225380_0, v0x55d367225460_0;
S_0x55d367225ef0 .scope module, "sv" "set_vars" 5 6, 10 1 0, S_0x55d367223dc0;
 .timescale 0 0;
    .port_info 0 /INPUT 1 "set_vars";
    .port_info 1 /INPUT 1 "expd";
    .port_info 2 /INPUT 1 "w";
    .port_info 3 /INPUT 1 "t";
    .port_info 4 /INPUT 1 "clk";
    .port_info 5 /INPUT 1 "rst";
    .port_info 6 /OUTPUT 15 "tau";
    .port_info 7 /OUTPUT 11 "weight";
    .port_info 8 /OUTPUT 15 "threshold";
v0x55d367226290_0 .var "appender", 3 0;
v0x55d367226390_0 .net "clk", 0 0, v0x55d367227c90_0;  alias, 1 drivers
v0x55d367226480_0 .net "expd", 0 0, v0x55d367227d30_0;  alias, 1 drivers
v0x55d367226550_0 .net "rst", 0 0, v0x55d367227dd0_0;  alias, 1 drivers
v0x55d367226620_0 .net "set_vars", 0 0, v0x55d367227e70_0;  alias, 1 drivers
v0x55d367226710_0 .net "t", 0 0, v0x55d367228000_0;  alias, 1 drivers
v0x55d3672267b0_0 .var "tau", 14 0;
v0x55d3672268a0_0 .var "tauReg", 14 0;
v0x55d367226980_0 .var "threshold", 14 0;
v0x55d367226ad0_0 .var "thresholdReg", 14 0;
v0x55d367226bb0_0 .net "w", 0 0, v0x55d3672280f0_0;  alias, 1 drivers
v0x55d367226c70_0 .var "weight", 10 0;
v0x55d367226d80_0 .var "weightReg", 10 0;
E_0x55d3672261d0 .event negedge, v0x55d3672257a0_0;
E_0x55d367226230 .event negedge, v0x55d367226620_0;
S_0x55d3671d3f60 .scope module, "tt_um_Leaky_Integrate_Fire_nfjesifb" "tt_um_Leaky_Integrate_Fire_nfjesifb" 11 1;
 .timescale -9 -12;
    .port_info 0 /INPUT 8 "ui_in";
    .port_info 1 /OUTPUT 8 "uo_out";
    .port_info 2 /INPUT 8 "uio_in";
    .port_info 3 /OUTPUT 8 "uio_out";
    .port_info 4 /OUTPUT 8 "uio_oe";
    .port_info 5 /INPUT 1 "ena";
    .port_info 6 /INPUT 1 "clk";
    .port_info 7 /INPUT 1 "rst_n";
P_0x55d3671f0740 .param/l "MAX_COUNT" 0 11 1, C4<100110001001011010000000>;
o0x7f8d7805b7b8 .functor BUFZ 8, C4<zzzzzzzz>; HiZ drive
L_0x55d367204350 .functor BUFZ 8, o0x7f8d7805b7b8, C4<00000000>, C4<00000000>, C4<00000000>;
v0x55d36722bf70_0 .net *"_ivl_10", 6 0, L_0x55d36722cd20;  1 drivers
v0x55d36722c070_0 .net *"_ivl_5", 7 0, L_0x55d367204350;  1 drivers
o0x7f8d7805af78 .functor BUFZ 1, C4<z>; HiZ drive
v0x55d36722c150_0 .net "clk", 0 0, o0x7f8d7805af78;  0 drivers
o0x7f8d7805b698 .functor BUFZ 1, C4<z>; HiZ drive
v0x55d36722c1f0_0 .net "ena", 0 0, o0x7f8d7805b698;  0 drivers
RS_0x7f8d7805ac18 .resolv tri, v0x55d367229ae0_0, L_0x55d36722cc80;
v0x55d36722c290_0 .net8 "out", 14 0, RS_0x7f8d7805ac18;  2 drivers
v0x55d36722c3e0_0 .net "rst", 0 0, L_0x55d36722cb30;  1 drivers
o0x7f8d7805b6c8 .functor BUFZ 1, C4<z>; HiZ drive
v0x55d36722c480_0 .net "rst_n", 0 0, o0x7f8d7805b6c8;  0 drivers
o0x7f8d7805b6f8 .functor BUFZ 8, C4<zzzzzzzz>; HiZ drive
v0x55d36722c540_0 .net "ui_in", 7 0, o0x7f8d7805b6f8;  0 drivers
o0x7f8d7805b728 .functor BUFZ 8, C4<zzzzzzzz>; HiZ drive
v0x55d36722c620_0 .net "uio_in", 7 0, o0x7f8d7805b728;  0 drivers
L_0x7f8d78011018 .functor BUFT 1, C4<00000000>, C4<0>, C4<0>, C4<0>;
v0x55d36722c790_0 .net "uio_oe", 7 0, L_0x7f8d78011018;  1 drivers
v0x55d36722c870_0 .net "uio_out", 7 0, L_0x55d36722d320;  1 drivers
v0x55d36722c950_0 .net "uo_out", 7 0, o0x7f8d7805b7b8;  0 drivers
L_0x55d36722cb30 .reduce/nor o0x7f8d7805b6c8;
L_0x55d36722cc80 .concat8 [ 8 7 0 0], L_0x55d367204350, L_0x55d36722cd20;
L_0x55d36722cd20 .part L_0x55d36722d320, 1, 7;
L_0x55d36722cdc0 .part o0x7f8d7805b6f8, 0, 1;
L_0x55d36722ce90 .part o0x7f8d7805b6f8, 1, 4;
L_0x55d36722cf80 .part o0x7f8d7805b6f8, 5, 1;
L_0x55d36722d0b0 .part o0x7f8d7805b6f8, 6, 1;
L_0x55d36722d230 .part o0x7f8d7805b6f8, 7, 1;
L_0x55d36722d320 .part/pv v0x55d367228cc0_0, 0, 1, 8;
S_0x55d367228220 .scope module, "t" "top" 11 19, 5 1 0, S_0x55d3671d3f60;
 .timescale -9 -12;
    .port_info 0 /INPUT 1 "set_vars";
    .port_info 1 /INPUT 4 "syn";
    .port_info 2 /INPUT 1 "expd";
    .port_info 3 /INPUT 1 "w";
    .port_info 4 /INPUT 1 "t";
    .port_info 5 /INPUT 1 "clk";
    .port_info 6 /INPUT 1 "rst";
    .port_info 7 /OUTPUT 1 "axon";
    .port_info 8 /OUTPUT 15 "V";
v0x55d36722b4e0_0 .net8 "V", 14 0, RS_0x7f8d7805ac18;  alias, 2 drivers
v0x55d36722b5c0_0 .net "axon", 0 0, v0x55d367228cc0_0;  1 drivers
v0x55d36722b680_0 .net "clk", 0 0, o0x7f8d7805af78;  alias, 0 drivers
v0x55d36722b770_0 .net "expd", 0 0, L_0x55d36722cf80;  1 drivers
v0x55d36722b810_0 .net "rst", 0 0, L_0x55d36722cb30;  alias, 1 drivers
v0x55d36722b950_0 .net "set_vars", 0 0, L_0x55d36722cdc0;  1 drivers
v0x55d36722b9f0_0 .net "syn", 3 0, L_0x55d36722ce90;  1 drivers
v0x55d36722bae0_0 .net "t", 0 0, L_0x55d36722d230;  1 drivers
v0x55d36722bb80_0 .net "tau", 14 0, v0x55d36722acc0_0;  1 drivers
v0x55d36722bcb0_0 .net "threshold", 14 0, v0x55d36722ae90_0;  1 drivers
v0x55d36722bd50_0 .net "w", 0 0, L_0x55d36722d0b0;  1 drivers
v0x55d36722bdf0_0 .net "weight", 10 0, v0x55d36722b180_0;  1 drivers
S_0x55d367228530 .scope module, "lif" "LIF" 5 7, 6 1 0, S_0x55d367228220;
 .timescale 0 0;
    .port_info 0 /INPUT 4 "syn";
    .port_info 1 /INPUT 15 "tau";
    .port_info 2 /INPUT 11 "weight";
    .port_info 3 /INPUT 15 "threshold";
    .port_info 4 /INPUT 1 "clk";
    .port_info 5 /INPUT 1 "rst";
    .port_info 6 /OUTPUT 1 "axon";
    .port_info 7 /OUTPUT 15 "V";
v0x55d367229ae0_0 .var "V", 14 0;
v0x55d367229bf0_0 .net "axon", 0 0, v0x55d367228cc0_0;  alias, 1 drivers
v0x55d367229cb0_0 .net "clk", 0 0, o0x7f8d7805af78;  alias, 0 drivers
v0x55d367229d50_0 .net "rst", 0 0, L_0x55d36722cb30;  alias, 1 drivers
v0x55d367229df0_0 .net "syn", 3 0, L_0x55d36722ce90;  alias, 1 drivers
v0x55d367229ee0_0 .net "syn_scaled", 14 0, v0x55d3672297c0_0;  1 drivers
v0x55d367229f80_0 .net "tau", 14 0, v0x55d36722acc0_0;  alias, 1 drivers
v0x55d36722a020_0 .net "threshold", 14 0, v0x55d36722ae90_0;  alias, 1 drivers
v0x55d36722a0f0_0 .net "voltage_prime", 14 0, v0x55d367229250_0;  1 drivers
v0x55d36722a250_0 .net "weight", 10 0, v0x55d36722b180_0;  alias, 1 drivers
E_0x55d367228850 .event posedge, v0x55d367229cb0_0;
S_0x55d3672288d0 .scope module, "compare" "comparator" 6 16, 7 1 0, S_0x55d367228530;
 .timescale 0 0;
    .port_info 0 /INPUT 15 "V";
    .port_info 1 /INPUT 15 "threshold";
    .port_info 2 /OUTPUT 1 "axon";
v0x55d367228bc0_0 .net8 "V", 14 0, RS_0x7f8d7805ac18;  alias, 2 drivers
v0x55d367228cc0_0 .var "axon", 0 0;
v0x55d367228d80_0 .net "threshold", 14 0, v0x55d36722ae90_0;  alias, 1 drivers
E_0x55d367228b40 .event edge, v0x55d367228bc0_0, v0x55d367228d80_0;
S_0x55d367228ec0 .scope module, "decayer" "decay" 6 17, 8 1 0, S_0x55d367228530;
 .timescale 0 0;
    .port_info 0 /INPUT 15 "V";
    .port_info 1 /INPUT 15 "tau";
    .port_info 2 /OUTPUT 15 "V_prime";
v0x55d367229170_0 .net8 "V", 14 0, RS_0x7f8d7805ac18;  alias, 2 drivers
v0x55d367229250_0 .var "V_prime", 14 0;
v0x55d367229310_0 .var "mult", 29 0;
v0x55d3672293d0_0 .net "tau", 14 0, v0x55d36722acc0_0;  alias, 1 drivers
E_0x55d3672290f0 .event edge, v0x55d367228bc0_0;
S_0x55d367229530 .scope module, "scalar" "weigher" 6 15, 9 1 0, S_0x55d367228530;
 .timescale -9 -12;
    .port_info 0 /INPUT 4 "syn";
    .port_info 1 /INPUT 11 "weight";
    .port_info 2 /OUTPUT 15 "V";
v0x55d3672297c0_0 .var "V", 14 0;
v0x55d3672298c0_0 .net "syn", 3 0, L_0x55d36722ce90;  alias, 1 drivers
v0x55d3672299a0_0 .net "weight", 10 0, v0x55d36722b180_0;  alias, 1 drivers
E_0x55d367229760 .event edge, v0x55d3672298c0_0, v0x55d3672299a0_0;
S_0x55d36722a400 .scope module, "sv" "set_vars" 5 6, 10 1 0, S_0x55d367228220;
 .timescale 0 0;
    .port_info 0 /INPUT 1 "set_vars";
    .port_info 1 /INPUT 1 "expd";
    .port_info 2 /INPUT 1 "w";
    .port_info 3 /INPUT 1 "t";
    .port_info 4 /INPUT 1 "clk";
    .port_info 5 /INPUT 1 "rst";
    .port_info 6 /OUTPUT 15 "tau";
    .port_info 7 /OUTPUT 11 "weight";
    .port_info 8 /OUTPUT 15 "threshold";
v0x55d36722a7a0_0 .var "appender", 3 0;
v0x55d36722a8a0_0 .net "clk", 0 0, o0x7f8d7805af78;  alias, 0 drivers
v0x55d36722a990_0 .net "expd", 0 0, L_0x55d36722cf80;  alias, 1 drivers
v0x55d36722aa60_0 .net "rst", 0 0, L_0x55d36722cb30;  alias, 1 drivers
v0x55d36722ab30_0 .net "set_vars", 0 0, L_0x55d36722cdc0;  alias, 1 drivers
v0x55d36722ac20_0 .net "t", 0 0, L_0x55d36722d230;  alias, 1 drivers
v0x55d36722acc0_0 .var "tau", 14 0;
v0x55d36722adb0_0 .var "tauReg", 14 0;
v0x55d36722ae90_0 .var "threshold", 14 0;
v0x55d36722afe0_0 .var "thresholdReg", 14 0;
v0x55d36722b0c0_0 .net "w", 0 0, L_0x55d36722d0b0;  alias, 1 drivers
v0x55d36722b180_0 .var "weight", 10 0;
v0x55d36722b290_0 .var "weightReg", 10 0;
E_0x55d36722a6e0 .event negedge, v0x55d367229cb0_0;
E_0x55d36722a740 .event negedge, v0x55d36722ab30_0;
    .scope S_0x55d3671d1f50;
T_0 ;
    %wait E_0x55d3671d0400;
    %load/vec4 v0x55d3671f89a0_0;
    %nor/r;
    %flag_set/vec4 8;
    %jmp/0xz  T_0.0, 8;
    %load/vec4 v0x55d3672044b0_0;
    %addi 1, 0, 8;
    %assign/vec4 v0x55d3672044b0_0, 0;
    %jmp T_0.1;
T_0.0 ;
    %pushi/vec4 0, 0, 8;
    %assign/vec4 v0x55d3672044b0_0, 0;
T_0.1 ;
    %jmp T_0;
    .thread T_0;
    .scope S_0x55d3671d20e0;
T_1 ;
    %wait E_0x55d3671ced90;
    %load/vec4 v0x55d367223b80_0;
    %cmpi/ne 0, 0, 15;
    %jmp/0xz  T_1.0, 4;
    %load/vec4 v0x55d367223b80_0;
    %subi 1, 0, 15;
    %assign/vec4 v0x55d367223c80_0, 0;
    %jmp T_1.1;
T_1.0 ;
    %load/vec4 v0x55d367223b80_0;
    %assign/vec4 v0x55d367223c80_0, 0;
T_1.1 ;
    %jmp T_1;
    .thread T_1, $push;
    .scope S_0x55d367225ef0;
T_2 ;
    %wait E_0x55d367226230;
    %load/vec4 v0x55d3672268a0_0;
    %assign/vec4 v0x55d3672267b0_0, 0;
    %load/vec4 v0x55d367226d80_0;
    %assign/vec4 v0x55d367226c70_0, 0;
    %load/vec4 v0x55d367226ad0_0;
    %assign/vec4 v0x55d367226980_0, 0;
    %jmp T_2;
    .thread T_2;
    .scope S_0x55d367225ef0;
T_3 ;
    %wait E_0x55d3671b9a30;
    %load/vec4 v0x55d367226620_0;
    %flag_set/vec4 8;
    %jmp/0xz  T_3.0, 8;
    %load/vec4 v0x55d367226480_0;
    %ix/load 5, 0, 0;
    %ix/getv 4, v0x55d367226290_0;
    %assign/vec4/off/d v0x55d3672268a0_0, 4, 5;
    %load/vec4 v0x55d367226710_0;
    %ix/load 5, 0, 0;
    %ix/getv 4, v0x55d367226290_0;
    %assign/vec4/off/d v0x55d367226ad0_0, 4, 5;
    %load/vec4 v0x55d367226290_0;
    %pad/u 32;
    %cmpi/u 11, 0, 32;
    %jmp/0xz  T_3.2, 5;
    %load/vec4 v0x55d367226bb0_0;
    %ix/load 5, 0, 0;
    %ix/getv 4, v0x55d367226290_0;
    %assign/vec4/off/d v0x55d367226d80_0, 4, 5;
T_3.2 ;
    %jmp T_3.1;
T_3.0 ;
    %pushi/vec4 0, 0, 15;
    %assign/vec4 v0x55d3672268a0_0, 0;
    %pushi/vec4 0, 0, 11;
    %assign/vec4 v0x55d367226d80_0, 0;
    %pushi/vec4 0, 0, 15;
    %assign/vec4 v0x55d367226ad0_0, 0;
T_3.1 ;
    %jmp T_3;
    .thread T_3;
    .scope S_0x55d367225ef0;
T_4 ;
    %wait E_0x55d3672261d0;
    %load/vec4 v0x55d367226620_0;
    %flag_set/vec4 8;
    %jmp/0xz  T_4.0, 8;
    %load/vec4 v0x55d367226290_0;
    %addi 1, 0, 4;
    %assign/vec4 v0x55d367226290_0, 0;
    %jmp T_4.1;
T_4.0 ;
    %pushi/vec4 0, 0, 4;
    %assign/vec4 v0x55d367226290_0, 0;
T_4.1 ;
    %jmp T_4;
    .thread T_4;
    .scope S_0x55d367224fc0;
T_5 ;
    %wait E_0x55d367225220;
    %load/vec4 v0x55d367225380_0;
    %pad/u 15;
    %load/vec4 v0x55d367225460_0;
    %pad/u 15;
    %mul;
    %store/vec4 v0x55d367225280_0, 0, 15;
    %jmp T_5;
    .thread T_5, $push;
    .scope S_0x55d3672243e0;
T_6 ;
    %wait E_0x55d3672084d0;
    %load/vec4 v0x55d367224690_0;
    %load/vec4 v0x55d367224850_0;
    %cmp/u;
    %jmp/0xz  T_6.0, 5;
    %pushi/vec4 0, 0, 1;
    %assign/vec4 v0x55d367224790_0, 0;
T_6.0 ;
    %load/vec4 v0x55d367224850_0;
    %load/vec4 v0x55d367224690_0;
    %cmp/u;
    %flag_or 5, 4;
    %jmp/0xz  T_6.2, 5;
    %pushi/vec4 1, 0, 1;
    %assign/vec4 v0x55d367224790_0, 0;
T_6.2 ;
    %jmp T_6;
    .thread T_6, $push;
    .scope S_0x55d367224990;
T_7 ;
    %wait E_0x55d367208510;
    %load/vec4 v0x55d367224c00_0;
    %cmpi/ne 0, 0, 15;
    %jmp/0xz  T_7.0, 4;
    %load/vec4 v0x55d367224c00_0;
    %pad/u 30;
    %load/vec4 v0x55d367224e60_0;
    %pad/u 30;
    %mul;
    %store/vec4 v0x55d367224da0_0, 0, 30;
    %load/vec4 v0x55d367224da0_0;
    %ix/load 4, 15, 0;
    %flag_set/imm 4, 0;
    %shiftr 4;
    %pad/u 15;
    %store/vec4 v0x55d367224ce0_0, 0, 15;
    %jmp T_7.1;
T_7.0 ;
    %load/vec4 v0x55d367224c00_0;
    %store/vec4 v0x55d367224ce0_0, 0, 15;
T_7.1 ;
    %jmp T_7;
    .thread T_7, $push;
    .scope S_0x55d367224080;
T_8 ;
    %wait E_0x55d3671b9a30;
    %load/vec4 v0x55d367225870_0;
    %flag_set/vec4 8;
    %jmp/0xz  T_8.0, 8;
    %pushi/vec4 0, 0, 15;
    %store/vec4 v0x55d3672255d0_0, 0, 15;
    %jmp T_8.1;
T_8.0 ;
    %load/vec4 v0x55d367225c70_0;
    %load/vec4 v0x55d367225a00_0;
    %add;
    %store/vec4 v0x55d3672255d0_0, 0, 15;
T_8.1 ;
    %jmp T_8;
    .thread T_8;
    .scope S_0x55d3671d2270;
T_9 ;
    %vpi_call 4 33 "$dumpfile", "top.vcd" {0 0 0};
    %vpi_call 4 36 "$dumpvars", 32'sb00000000000000000000000000000000, S_0x55d3671d2270 {0 0 0};
    %pushi/vec4 0, 0, 1;
    %store/vec4 v0x55d367227e70_0, 0, 1;
    %pushi/vec4 0, 0, 4;
    %store/vec4 v0x55d367227f60_0, 0, 4;
    %pushi/vec4 0, 0, 1;
    %store/vec4 v0x55d367227d30_0, 0, 1;
    %pushi/vec4 0, 0, 1;
    %store/vec4 v0x55d3672280f0_0, 0, 1;
    %pushi/vec4 0, 0, 1;
    %store/vec4 v0x55d367228000_0, 0, 1;
    %pushi/vec4 0, 0, 1;
    %store/vec4 v0x55d367227c90_0, 0, 1;
    %pushi/vec4 0, 0, 1;
    %store/vec4 v0x55d367227dd0_0, 0, 1;
    %delay 100000, 0;
    %pushi/vec4 1, 0, 1;
    %store/vec4 v0x55d367227dd0_0, 0, 1;
    %delay 20000, 0;
    %pushi/vec4 0, 0, 1;
    %store/vec4 v0x55d367227dd0_0, 0, 1;
    %delay 10000, 0;
    %pushi/vec4 1, 0, 1;
    %store/vec4 v0x55d367227e70_0, 0, 1;
    %pushi/vec4 0, 0, 1;
    %store/vec4 v0x55d367227d30_0, 0, 1;
    %pushi/vec4 1, 0, 1;
    %store/vec4 v0x55d3672280f0_0, 0, 1;
    %pushi/vec4 1, 0, 1;
    %store/vec4 v0x55d367228000_0, 0, 1;
    %delay 20000, 0;
    %pushi/vec4 1, 0, 1;
    %store/vec4 v0x55d367227e70_0, 0, 1;
    %pushi/vec4 0, 0, 1;
    %store/vec4 v0x55d367227d30_0, 0, 1;
    %pushi/vec4 1, 0, 1;
    %store/vec4 v0x55d3672280f0_0, 0, 1;
    %pushi/vec4 0, 0, 1;
    %store/vec4 v0x55d367228000_0, 0, 1;
    %delay 20000, 0;
    %pushi/vec4 1, 0, 1;
    %store/vec4 v0x55d367227e70_0, 0, 1;
    %pushi/vec4 1, 0, 1;
    %store/vec4 v0x55d367227d30_0, 0, 1;
    %pushi/vec4 1, 0, 1;
    %store/vec4 v0x55d3672280f0_0, 0, 1;
    %pushi/vec4 1, 0, 1;
    %store/vec4 v0x55d367228000_0, 0, 1;
    %delay 20000, 0;
    %pushi/vec4 1, 0, 1;
    %store/vec4 v0x55d367227e70_0, 0, 1;
    %pushi/vec4 1, 0, 1;
    %store/vec4 v0x55d367227d30_0, 0, 1;
    %pushi/vec4 0, 0, 1;
    %store/vec4 v0x55d3672280f0_0, 0, 1;
    %pushi/vec4 0, 0, 1;
    %store/vec4 v0x55d367228000_0, 0, 1;
    %delay 20000, 0;
    %pushi/vec4 1, 0, 1;
    %store/vec4 v0x55d367227e70_0, 0, 1;
    %pushi/vec4 1, 0, 1;
    %store/vec4 v0x55d367227d30_0, 0, 1;
    %pushi/vec4 1, 0, 1;
    %store/vec4 v0x55d3672280f0_0, 0, 1;
    %pushi/vec4 0, 0, 1;
    %store/vec4 v0x55d367228000_0, 0, 1;
    %delay 20000, 0;
    %pushi/vec4 1, 0, 1;
    %store/vec4 v0x55d367227e70_0, 0, 1;
    %pushi/vec4 1, 0, 1;
    %store/vec4 v0x55d367227d30_0, 0, 1;
    %pushi/vec4 1, 0, 1;
    %store/vec4 v0x55d3672280f0_0, 0, 1;
    %pushi/vec4 0, 0, 1;
    %store/vec4 v0x55d367228000_0, 0, 1;
    %delay 20000, 0;
    %pushi/vec4 1, 0, 1;
    %store/vec4 v0x55d367227e70_0, 0, 1;
    %pushi/vec4 1, 0, 1;
    %store/vec4 v0x55d367227d30_0, 0, 1;
    %pushi/vec4 1, 0, 1;
    %store/vec4 v0x55d3672280f0_0, 0, 1;
    %pushi/vec4 0, 0, 1;
    %store/vec4 v0x55d367228000_0, 0, 1;
    %delay 20000, 0;
    %pushi/vec4 1, 0, 1;
    %store/vec4 v0x55d367227e70_0, 0, 1;
    %pushi/vec4 1, 0, 1;
    %store/vec4 v0x55d367227d30_0, 0, 1;
    %pushi/vec4 1, 0, 1;
    %store/vec4 v0x55d3672280f0_0, 0, 1;
    %pushi/vec4 0, 0, 1;
    %store/vec4 v0x55d367228000_0, 0, 1;
    %delay 20000, 0;
    %pushi/vec4 1, 0, 1;
    %store/vec4 v0x55d367227e70_0, 0, 1;
    %pushi/vec4 0, 0, 1;
    %store/vec4 v0x55d367227d30_0, 0, 1;
    %pushi/vec4 1, 0, 1;
    %store/vec4 v0x55d3672280f0_0, 0, 1;
    %pushi/vec4 1, 0, 1;
    %store/vec4 v0x55d367228000_0, 0, 1;
    %delay 20000, 0;
    %pushi/vec4 1, 0, 1;
    %store/vec4 v0x55d367227e70_0, 0, 1;
    %pushi/vec4 0, 0, 1;
    %store/vec4 v0x55d367227d30_0, 0, 1;
    %pushi/vec4 1, 0, 1;
    %store/vec4 v0x55d3672280f0_0, 0, 1;
    %pushi/vec4 0, 0, 1;
    %store/vec4 v0x55d367228000_0, 0, 1;
    %delay 20000, 0;
    %pushi/vec4 1, 0, 1;
    %store/vec4 v0x55d367227e70_0, 0, 1;
    %pushi/vec4 1, 0, 1;
    %store/vec4 v0x55d367227d30_0, 0, 1;
    %pushi/vec4 1, 0, 1;
    %store/vec4 v0x55d3672280f0_0, 0, 1;
    %pushi/vec4 1, 0, 1;
    %store/vec4 v0x55d367228000_0, 0, 1;
    %delay 20000, 0;
    %pushi/vec4 1, 0, 1;
    %store/vec4 v0x55d367227e70_0, 0, 1;
    %pushi/vec4 1, 0, 1;
    %store/vec4 v0x55d367227d30_0, 0, 1;
    %pushi/vec4 0, 0, 1;
    %store/vec4 v0x55d3672280f0_0, 0, 1;
    %pushi/vec4 0, 0, 1;
    %store/vec4 v0x55d367228000_0, 0, 1;
    %delay 20000, 0;
    %pushi/vec4 1, 0, 1;
    %store/vec4 v0x55d367227e70_0, 0, 1;
    %pushi/vec4 1, 0, 1;
    %store/vec4 v0x55d367227d30_0, 0, 1;
    %pushi/vec4 1, 0, 1;
    %store/vec4 v0x55d3672280f0_0, 0, 1;
    %pushi/vec4 0, 0, 1;
    %store/vec4 v0x55d367228000_0, 0, 1;
    %delay 20000, 0;
    %pushi/vec4 1, 0, 1;
    %store/vec4 v0x55d367227e70_0, 0, 1;
    %pushi/vec4 1, 0, 1;
    %store/vec4 v0x55d367227d30_0, 0, 1;
    %pushi/vec4 1, 0, 1;
    %store/vec4 v0x55d3672280f0_0, 0, 1;
    %pushi/vec4 0, 0, 1;
    %store/vec4 v0x55d367228000_0, 0, 1;
    %delay 20000, 0;
    %pushi/vec4 1, 0, 1;
    %store/vec4 v0x55d367227e70_0, 0, 1;
    %pushi/vec4 1, 0, 1;
    %store/vec4 v0x55d367227d30_0, 0, 1;
    %pushi/vec4 1, 0, 1;
    %store/vec4 v0x55d3672280f0_0, 0, 1;
    %pushi/vec4 0, 0, 1;
    %store/vec4 v0x55d367228000_0, 0, 1;
    %delay 20000, 0;
    %pushi/vec4 1, 0, 1;
    %store/vec4 v0x55d367227e70_0, 0, 1;
    %pushi/vec4 1, 0, 1;
    %store/vec4 v0x55d367227d30_0, 0, 1;
    %pushi/vec4 0, 0, 1;
    %store/vec4 v0x55d367228000_0, 0, 1;
    %delay 20000, 0;
    %pushi/vec4 1, 0, 1;
    %store/vec4 v0x55d367227e70_0, 0, 1;
    %pushi/vec4 1, 0, 1;
    %store/vec4 v0x55d367227d30_0, 0, 1;
    %pushi/vec4 0, 0, 1;
    %store/vec4 v0x55d367228000_0, 0, 1;
    %delay 20000, 0;
    %pushi/vec4 1, 0, 1;
    %store/vec4 v0x55d367227e70_0, 0, 1;
    %pushi/vec4 1, 0, 1;
    %store/vec4 v0x55d367227d30_0, 0, 1;
    %pushi/vec4 0, 0, 1;
    %store/vec4 v0x55d367228000_0, 0, 1;
    %delay 20000, 0;
    %pushi/vec4 1, 0, 1;
    %store/vec4 v0x55d367227e70_0, 0, 1;
    %pushi/vec4 1, 0, 1;
    %store/vec4 v0x55d367227d30_0, 0, 1;
    %pushi/vec4 0, 0, 1;
    %store/vec4 v0x55d367228000_0, 0, 1;
    %delay 20000, 0;
    %pushi/vec4 0, 0, 1;
    %store/vec4 v0x55d367227e70_0, 0, 1;
    %pushi/vec4 15, 0, 4;
    %store/vec4 v0x55d367227f60_0, 0, 4;
    %delay 30000, 0;
    %pushi/vec4 1, 0, 1;
    %store/vec4 v0x55d367227dd0_0, 0, 1;
    %delay 20000, 0;
    %pushi/vec4 0, 0, 1;
    %store/vec4 v0x55d367227dd0_0, 0, 1;
    %delay 20000, 0;
    %pushi/vec4 0, 0, 4;
    %store/vec4 v0x55d367227f60_0, 0, 4;
    %delay 10000000, 0;
    %vpi_call 4 76 "$finish" {0 0 0};
    %end;
    .thread T_9;
    .scope S_0x55d3671d2270;
T_10 ;
    %delay 10000, 0;
    %load/vec4 v0x55d367227c90_0;
    %inv;
    %store/vec4 v0x55d367227c90_0, 0, 1;
    %jmp T_10;
    .thread T_10;
    .scope S_0x55d36722a400;
T_11 ;
    %wait E_0x55d36722a740;
    %load/vec4 v0x55d36722adb0_0;
    %assign/vec4 v0x55d36722acc0_0, 0;
    %load/vec4 v0x55d36722b290_0;
    %assign/vec4 v0x55d36722b180_0, 0;
    %load/vec4 v0x55d36722afe0_0;
    %assign/vec4 v0x55d36722ae90_0, 0;
    %jmp T_11;
    .thread T_11;
    .scope S_0x55d36722a400;
T_12 ;
    %wait E_0x55d367228850;
    %load/vec4 v0x55d36722ab30_0;
    %flag_set/vec4 8;
    %jmp/0xz  T_12.0, 8;
    %load/vec4 v0x55d36722a990_0;
    %ix/load 5, 0, 0;
    %ix/getv 4, v0x55d36722a7a0_0;
    %assign/vec4/off/d v0x55d36722adb0_0, 4, 5;
    %load/vec4 v0x55d36722ac20_0;
    %ix/load 5, 0, 0;
    %ix/getv 4, v0x55d36722a7a0_0;
    %assign/vec4/off/d v0x55d36722afe0_0, 4, 5;
    %load/vec4 v0x55d36722a7a0_0;
    %pad/u 32;
    %cmpi/u 11, 0, 32;
    %jmp/0xz  T_12.2, 5;
    %load/vec4 v0x55d36722b0c0_0;
    %ix/load 5, 0, 0;
    %ix/getv 4, v0x55d36722a7a0_0;
    %assign/vec4/off/d v0x55d36722b290_0, 4, 5;
T_12.2 ;
    %jmp T_12.1;
T_12.0 ;
    %pushi/vec4 0, 0, 15;
    %assign/vec4 v0x55d36722adb0_0, 0;
    %pushi/vec4 0, 0, 11;
    %assign/vec4 v0x55d36722b290_0, 0;
    %pushi/vec4 0, 0, 15;
    %assign/vec4 v0x55d36722afe0_0, 0;
T_12.1 ;
    %jmp T_12;
    .thread T_12;
    .scope S_0x55d36722a400;
T_13 ;
    %wait E_0x55d36722a6e0;
    %load/vec4 v0x55d36722ab30_0;
    %flag_set/vec4 8;
    %jmp/0xz  T_13.0, 8;
    %load/vec4 v0x55d36722a7a0_0;
    %addi 1, 0, 4;
    %assign/vec4 v0x55d36722a7a0_0, 0;
    %jmp T_13.1;
T_13.0 ;
    %pushi/vec4 0, 0, 4;
    %assign/vec4 v0x55d36722a7a0_0, 0;
T_13.1 ;
    %jmp T_13;
    .thread T_13;
    .scope S_0x55d367229530;
T_14 ;
    %wait E_0x55d367229760;
    %load/vec4 v0x55d3672298c0_0;
    %pad/u 15;
    %load/vec4 v0x55d3672299a0_0;
    %pad/u 15;
    %mul;
    %store/vec4 v0x55d3672297c0_0, 0, 15;
    %jmp T_14;
    .thread T_14, $push;
    .scope S_0x55d3672288d0;
T_15 ;
    %wait E_0x55d367228b40;
    %load/vec4 v0x55d367228bc0_0;
    %load/vec4 v0x55d367228d80_0;
    %cmp/u;
    %jmp/0xz  T_15.0, 5;
    %pushi/vec4 0, 0, 1;
    %assign/vec4 v0x55d367228cc0_0, 0;
T_15.0 ;
    %load/vec4 v0x55d367228d80_0;
    %load/vec4 v0x55d367228bc0_0;
    %cmp/u;
    %flag_or 5, 4;
    %jmp/0xz  T_15.2, 5;
    %pushi/vec4 1, 0, 1;
    %assign/vec4 v0x55d367228cc0_0, 0;
T_15.2 ;
    %jmp T_15;
    .thread T_15, $push;
    .scope S_0x55d367228ec0;
T_16 ;
    %wait E_0x55d3672290f0;
    %load/vec4 v0x55d367229170_0;
    %cmpi/ne 0, 0, 15;
    %jmp/0xz  T_16.0, 4;
    %load/vec4 v0x55d367229170_0;
    %pad/u 30;
    %load/vec4 v0x55d3672293d0_0;
    %pad/u 30;
    %mul;
    %store/vec4 v0x55d367229310_0, 0, 30;
    %load/vec4 v0x55d367229310_0;
    %ix/load 4, 15, 0;
    %flag_set/imm 4, 0;
    %shiftr 4;
    %pad/u 15;
    %store/vec4 v0x55d367229250_0, 0, 15;
    %jmp T_16.1;
T_16.0 ;
    %load/vec4 v0x55d367229170_0;
    %store/vec4 v0x55d367229250_0, 0, 15;
T_16.1 ;
    %jmp T_16;
    .thread T_16, $push;
    .scope S_0x55d367228530;
T_17 ;
    %wait E_0x55d367228850;
    %load/vec4 v0x55d367229d50_0;
    %flag_set/vec4 8;
    %jmp/0xz  T_17.0, 8;
    %pushi/vec4 0, 0, 15;
    %store/vec4 v0x55d367229ae0_0, 0, 15;
    %jmp T_17.1;
T_17.0 ;
    %load/vec4 v0x55d36722a0f0_0;
    %load/vec4 v0x55d367229ee0_0;
    %add;
    %store/vec4 v0x55d367229ae0_0, 0, 15;
T_17.1 ;
    %jmp T_17;
    .thread T_17;
# The file index is used to find the file name in the following table.
:file_names 12;
    "N/A";
    "<interactive>";
    "accumulator.v";
    "subtractor.v";
    "test_top.v";
    "top.v";
    "LIF.v";
    "comparator.v";
    "decay.v";
    "weigher.v";
    "set_vars.v";
    "tt_um_Leaky_Integrate_Fire_nfjesifb.v";
